<?xml version="1.0" encoding="UTF-8"?>
<testng-results skipped="0" failed="1" ignored="0" total="1" passed="0">
  <reporter-output>
  </reporter-output>
  <suite name="Default suite" duration-ms="22113" started-at="2019-08-19T11:51:09Z" finished-at="2019-08-19T11:51:31Z">
    <groups>
    </groups>
    <test name="Default test" duration-ms="22113" started-at="2019-08-19T11:51:09Z" finished-at="2019-08-19T11:51:31Z">
      <class name="Automation.NAGRA.Main">
        <test-method status="PASS" signature="report()[pri:0, instance:Automation.NAGRA.Main@59ec2012]" name="report" is-config="true" duration-ms="292" started-at="2019-08-19T11:51:09Z" finished-at="2019-08-19T11:51:09Z">
          <reporter-output>
          </reporter-output>
        </test-method> <!-- report -->
        <test-method status="PASS" signature="setup()[pri:0, instance:Automation.NAGRA.Main@59ec2012]" name="setup" is-config="true" duration-ms="11111" started-at="2019-08-19T11:51:09Z" finished-at="2019-08-19T11:51:20Z">
          <reporter-output>
          </reporter-output>
        </test-method> <!-- setup -->
        <test-method status="PASS" signature="t_beforetest()[pri:0, instance:Automation.NAGRA.Main@59ec2012]" name="t_beforetest" is-config="true" duration-ms="224" started-at="2019-08-19T11:51:20Z" finished-at="2019-08-19T11:51:21Z">
          <reporter-output>
          </reporter-output>
        </test-method> <!-- t_beforetest -->
        <test-method status="PASS" signature="testcaseName(java.lang.reflect.Method)[pri:0, instance:Automation.NAGRA.Main@59ec2012]" name="testcaseName" is-config="true" duration-ms="4" started-at="2019-08-19T11:51:21Z" finished-at="2019-08-19T11:51:21Z">
          <params>
            <param index="0">
              <value>
                <![CDATA[public void Automation.NAGRA.Main.Open() throws java.lang.InterruptedException]]>
              </value>
            </param>
          </params>
          <reporter-output>
          </reporter-output>
        </test-method> <!-- testcaseName -->
        <test-method status="FAIL" signature="Open()[pri:0, instance:Automation.NAGRA.Main@59ec2012]" name="Open" duration-ms="10455" started-at="2019-08-19T11:51:21Z" finished-at="2019-08-19T11:51:31Z">
          <exception class="org.openqa.selenium.NoSuchElementException">
            <message>
              <![CDATA[An element could not be located on the page using the given search parameters.
For documentation on this error, please visit: https://www.seleniumhq.org/exceptions/no_such_element.html
Build info: version: '3.141.59', revision: 'e82be7d358', time: '2018-11-14T08:17:03'
System info: host: 'SIDCL614', ip: '172.31.99.196', os.name: 'Windows 7', os.arch: 'amd64', os.version: '6.1', java.version: '1.8.0_221'
Driver info: io.appium.java_client.android.AndroidDriver
Capabilities {appActivity: com.android.contacts.activi..., appPackage: com.android.contacts, automationName: uiautomator2, databaseEnabled: false, desired: {appActivity: com.android.contacts.activi..., appPackage: com.android.contacts, automationName: uiautomator2, deviceName: XP8800, platformName: android, platformVersion: 8.1.0, udid: c551c442}, deviceApiLevel: 27, deviceManufacturer: Sonimtech, deviceModel: XP8800, deviceName: c551c442, deviceScreenDensity: 480, deviceScreenSize: 1080x1920, deviceUDID: c551c442, javascriptEnabled: true, locationContextEnabled: false, networkConnectionEnabled: true, pixelRatio: 3, platform: LINUX, platformName: Android, platformVersion: 8.1.0, statBarHeight: 72, takesScreenshot: true, udid: c551c442, viewportRect: {height: 1848, left: 0, top: 72, width: 1080}, warnings: {}, webStorageEnabled: false}
Session ID: c0ffdbba-8a15-4755-9fbb-b374ec71f7c5
*** Element info: {Using=-android uiautomator, value=new UiScrollable(new UiSelector().scrollable(true)).scrollIntoView(new UiSelector().text("Youtube"))}]]>
            </message>
            <full-stacktrace>
              <![CDATA[org.openqa.selenium.NoSuchElementException: An element could not be located on the page using the given search parameters.
For documentation on this error, please visit: https://www.seleniumhq.org/exceptions/no_such_element.html
Build info: version: '3.141.59', revision: 'e82be7d358', time: '2018-11-14T08:17:03'
System info: host: 'SIDCL614', ip: '172.31.99.196', os.name: 'Windows 7', os.arch: 'amd64', os.version: '6.1', java.version: '1.8.0_221'
Driver info: io.appium.java_client.android.AndroidDriver
Capabilities {appActivity: com.android.contacts.activi..., appPackage: com.android.contacts, automationName: uiautomator2, databaseEnabled: false, desired: {appActivity: com.android.contacts.activi..., appPackage: com.android.contacts, automationName: uiautomator2, deviceName: XP8800, platformName: android, platformVersion: 8.1.0, udid: c551c442}, deviceApiLevel: 27, deviceManufacturer: Sonimtech, deviceModel: XP8800, deviceName: c551c442, deviceScreenDensity: 480, deviceScreenSize: 1080x1920, deviceUDID: c551c442, javascriptEnabled: true, locationContextEnabled: false, networkConnectionEnabled: true, pixelRatio: 3, platform: LINUX, platformName: Android, platformVersion: 8.1.0, statBarHeight: 72, takesScreenshot: true, udid: c551c442, viewportRect: {height: 1848, left: 0, top: 72, width: 1080}, warnings: {}, webStorageEnabled: false}
Session ID: c0ffdbba-8a15-4755-9fbb-b374ec71f7c5
*** Element info: {Using=-android uiautomator, value=new UiScrollable(new UiSelector().scrollable(true)).scrollIntoView(new UiSelector().text("Youtube"))}
at sun.reflect.NativeConstructorAccessorImpl.newInstance0(Native Method)
at sun.reflect.NativeConstructorAccessorImpl.newInstance(Unknown Source)
at sun.reflect.DelegatingConstructorAccessorImpl.newInstance(Unknown Source)
at java.lang.reflect.Constructor.newInstance(Unknown Source)
at org.openqa.selenium.remote.http.W3CHttpResponseCodec.createException(W3CHttpResponseCodec.java:187)
at org.openqa.selenium.remote.http.W3CHttpResponseCodec.decode(W3CHttpResponseCodec.java:122)
at org.openqa.selenium.remote.http.W3CHttpResponseCodec.decode(W3CHttpResponseCodec.java:49)
at org.openqa.selenium.remote.HttpCommandExecutor.execute(HttpCommandExecutor.java:158)
at io.appium.java_client.remote.AppiumCommandExecutor.execute(AppiumCommandExecutor.java:239)
at org.openqa.selenium.remote.RemoteWebDriver.execute(RemoteWebDriver.java:552)
at io.appium.java_client.DefaultGenericMobileDriver.execute(DefaultGenericMobileDriver.java:42)
at io.appium.java_client.AppiumDriver.execute(AppiumDriver.java:1)
at io.appium.java_client.android.AndroidDriver.execute(AndroidDriver.java:1)
at org.openqa.selenium.remote.RemoteWebDriver.findElement(RemoteWebDriver.java:323)
at io.appium.java_client.DefaultGenericMobileDriver.findElement(DefaultGenericMobileDriver.java:62)
at io.appium.java_client.AppiumDriver.findElement(AppiumDriver.java:1)
at io.appium.java_client.android.AndroidDriver.findElement(AndroidDriver.java:1)
at io.appium.java_client.FindsByAndroidUIAutomator.findElementByAndroidUIAutomator(FindsByAndroidUIAutomator.java:38)
at Automation.NAGRA.Main.Open(Main.java:121)
at sun.reflect.NativeMethodAccessorImpl.invoke0(Native Method)
at sun.reflect.NativeMethodAccessorImpl.invoke(Unknown Source)
at sun.reflect.DelegatingMethodAccessorImpl.invoke(Unknown Source)
at java.lang.reflect.Method.invoke(Unknown Source)
at org.testng.internal.MethodInvocationHelper.invokeMethod(MethodInvocationHelper.java:124)
at org.testng.internal.Invoker.invokeMethod(Invoker.java:583)
at org.testng.internal.Invoker.invokeTestMethod(Invoker.java:719)
at org.testng.internal.Invoker.invokeTestMethods(Invoker.java:989)
at org.testng.internal.TestMethodWorker.invokeTestMethods(TestMethodWorker.java:125)
at org.testng.internal.TestMethodWorker.run(TestMethodWorker.java:109)
at org.testng.TestRunner.privateRun(TestRunner.java:648)
at org.testng.TestRunner.run(TestRunner.java:505)
at org.testng.SuiteRunner.runTest(SuiteRunner.java:455)
at org.testng.SuiteRunner.runSequentially(SuiteRunner.java:450)
at org.testng.SuiteRunner.privateRun(SuiteRunner.java:415)
at org.testng.SuiteRunner.run(SuiteRunner.java:364)
at org.testng.SuiteRunnerWorker.runSuite(SuiteRunnerWorker.java:52)
at org.testng.SuiteRunnerWorker.run(SuiteRunnerWorker.java:84)
at org.testng.TestNG.runSuitesSequentially(TestNG.java:1208)
at org.testng.TestNG.runSuitesLocally(TestNG.java:1137)
at org.testng.TestNG.runSuites(TestNG.java:1049)
at org.testng.TestNG.run(TestNG.java:1017)
at org.testng.remote.AbstractRemoteTestNG.run(AbstractRemoteTestNG.java:114)
at org.testng.remote.RemoteTestNG.initAndRun(RemoteTestNG.java:251)
at org.testng.remote.RemoteTestNG.main(RemoteTestNG.java:77)
]]>
            </full-stacktrace>
          </exception> <!-- org.openqa.selenium.NoSuchElementException -->
          <reporter-output>
          </reporter-output>
        </test-method> <!-- Open -->
        <test-method status="PASS" signature="testcaseName()[pri:0, instance:Automation.NAGRA.Main@59ec2012]" name="testcaseName" is-config="true" duration-ms="294" started-at="2019-08-19T11:51:31Z" finished-at="2019-08-19T11:51:31Z">
          <reporter-output>
          </reporter-output>
        </test-method> <!-- testcaseName -->
      </class> <!-- Automation.NAGRA.Main -->
    </test> <!-- Default test -->
  </suite> <!-- Default suite -->
</testng-results>
